Name:                   web
Namespace:              default
CreationTimestamp:      Wed, 31 May 2023 00:38:23 +0300
Labels:                 app=web
Annotations:            deployment.kubernetes.io/revision: 1
Selector:               app=web
Replicas:               2 desired | 2 updated | 2 total | 2 available | 0 unavailable
StrategyType:           RollingUpdate
MinReadySeconds:        0
RollingUpdateStrategy:  25% max unavailable, 25% max surge
Pod Template:
  Labels:  app=web
  Containers:
   webapp:
    Image:        beerhazard/webapp:1.0.0
    Port:         8000/TCP
    Host Port:    0/TCP
    Liveness:     http-get http://:8000/ delay=15s timeout=1s period=20s #success=1 #failure=3
    Readiness:    http-get http://:8000/ delay=5s timeout=1s period=10s #success=1 #failure=3
    Environment:  <none>
    Mounts:       <none>
  Volumes:        <none>
Conditions:
  Type           Status  Reason
  ----           ------  ------
  Available      True    MinimumReplicasAvailable
  Progressing    True    NewReplicaSetAvailable
OldReplicaSets:  <none>
NewReplicaSet:   web-7545b4fd64 (2/2 replicas created)
Events:
  Type    Reason             Age   From                   Message
  ----    ------             ----  ----                   -------
  Normal  ScalingReplicaSet  58m   deployment-controller  Scaled up replica set web-7545b4fd64 to 2